<?xml version='1.0' encoding='UTF-8' ?>
<testsuite name="com.example.dogglers.VerticalListTests" tests="1" failures="0" errors="0" skipped="0" time="2.42" timestamp="2022-07-11T09:33:41" hostname="localhost">
  <properties>
    <property name="device" value="ONEPLUS A6010 - 11" />
    <property name="flavor" value="" />
    <property name="project" value=":app" />
  </properties>
  <testcase name="vertical_scroll_content_at_first_position" classname="com.example.dogglers.VerticalListTests" time="0.981" />
</testsuite>